보고서 생성: /home/ubuntu/beopmang-api/reports/2026-03-26.md
# 법망 API 일일 보고서 — 2026-03-26

## 서버 상태
- 현재: ok (46 ms)

## 사용량
- co-occurrence 이벤트: 0 건

## 호출 패턴 (Top 10)
```
데이터 없음
```

## 자주 조회된 법령 (Top 10)
```
데이터 없음
```

## 평균 호출 간격
데이터 없음

## 특이점
- 없음

---
*자동 생성: 2026-03-27 09:00:13*
보고서 생성: /home/ubuntu/beopmang-api/reports/2026-03-27.md
# 법망 API 일일 보고서 — 2026-03-27

## 서버 상태
- 현재: ok (86 ms)

## 사용량
- co-occurrence 이벤트: 0 건

## 호출 패턴 (Top 10)
```
데이터 없음
```

## 자주 조회된 법령 (Top 10)
```
데이터 없음
```

## 평균 호출 간격
데이터 없음

## 특이점
- 없음

---
*자동 생성: 2026-03-28 09:00:12*
보고서 생성: /home/ubuntu/beopmang-api/reports/2026-03-28.md
# 법망 API 일일 보고서 — 2026-03-28

## 서버 상태
- 현재: ok (13 ms)

## 사용량
- co-occurrence 이벤트: 0 건

## 호출 패턴 (Top 10)
```
데이터 없음
```

## 자주 조회된 법령 (Top 10)
```
데이터 없음
```

## 평균 호출 간격
데이터 없음

## 특이점
- 없음

---
*자동 생성: 2026-03-29 09:00:12*
